<?xml version="1.0" encoding="UTF-8" ?>
<testsuite tests="3" failures="3" name="auction.service.RegistrationMgrTest" time="2.922" errors="0" skipped="0">
  <properties>
    <property name="java.runtime.name" value="Java(TM) SE Runtime Environment"/>
    <property name="sun.boot.library.path" value="C:\Program Files\Java\jdk1.8.0_121\jre\bin"/>
    <property name="java.vm.version" value="25.121-b13"/>
    <property name="user.country.format" value="NL"/>
    <property name="java.vm.vendor" value="Oracle Corporation"/>
    <property name="java.vendor.url" value="http://java.oracle.com/"/>
    <property name="path.separator" value=";"/>
    <property name="guice.disable.misplaced.annotation.check" value="true"/>
    <property name="java.vm.name" value="Java HotSpot(TM) 64-Bit Server VM"/>
    <property name="file.encoding.pkg" value="sun.io"/>
    <property name="user.script" value=""/>
    <property name="user.country" value="US"/>
    <property name="sun.java.launcher" value="SUN_STANDARD"/>
    <property name="sun.os.patch.level" value=""/>
    <property name="test" value="auction.service.RegistrationMgrTest"/>
    <property name="java.vm.specification.name" value="Java Virtual Machine Specification"/>
    <property name="user.dir" value="C:\Users\Bob\Documents\PTS43\SE42\associations"/>
    <property name="java.runtime.version" value="1.8.0_121-b13"/>
    <property name="java.awt.graphicsenv" value="sun.awt.Win32GraphicsEnvironment"/>
    <property name="java.endorsed.dirs" value="C:\Program Files\Java\jdk1.8.0_121\jre\lib\endorsed"/>
    <property name="os.arch" value="amd64"/>
    <property name="java.io.tmpdir" value="C:\Users\Bob\AppData\Local\Temp\"/>
    <property name="line.separator" value="
"/>
    <property name="java.vm.specification.vendor" value="Oracle Corporation"/>
    <property name="user.variant" value=""/>
    <property name="os.name" value="Windows 10"/>
    <property name="maven.ext.class.path" value="C:\Program Files\NetBeans 8.2\java\maven-nblib\netbeans-eventspy.jar"/>
    <property name="classworlds.conf" value="C:\Program Files\NetBeans 8.2\java\maven\bin\m2.conf"/>
    <property name="sun.jnu.encoding" value="Cp1252"/>
    <property name="java.library.path" value="C:\Program Files\Java\jdk1.8.0_121\bin;C:\WINDOWS\Sun\Java\bin;C:\WINDOWS\system32;C:\WINDOWS;C:\oraclexe\app\oracle\product\11.2.0\server\bin;C:\Program Files (x86)\NVIDIA Corporation\PhysX\Common;C:\ProgramData\Oracle\Java\javapath;C:\Program Files\Common Files\Microsoft Shared\Windows Live;C:\WINDOWS\system32;C:\WINDOWS;C:\WINDOWS\System32\Wbem;C:\WINDOWS\System32\WindowsPowerShell\v1.0\;C:\Program Files (x86)\ATI Technologies\ATI.ACE\Core-Static;C:\Program Files\Intel\WiFi\bin\;C:\Program Files\Common Files\Intel\WirelessCommon\;C:\Program Files (x86)\Windows Kits\8.1\Windows Performance Toolkit\;C:\Program Files\Microsoft SQL Server\110\Tools\Binn\;C:\Program Files (x86)\Microsoft SDKs\TypeScript\1.0\;C:\Program Files\Microsoft SQL Server\120\Tools\Binn\;C:\Program Files (x86)\IVI Foundation\VISA\WinNT\Bin;C:\Program Files\Microsoft\Web Platform Installer\;C:\Program Files\Git\cmd;C:\WINDOWS\system32\config\systemprofile\.dnx\bin;C:\Program Files\Microsoft DNX\Dnvm\;C:\Program Files (x86)\GtkSharp\2.12\bin;C:\Program Files (x86)\Microsoft SQL Server\Client SDK\ODBC\130\Tools\Binn\;C:\Program Files (x86)\Microsoft SQL Server\130\Tools\Binn\;C:\Program Files (x86)\Microsoft SQL Server\130\DTS\Binn\;C:\Program Files (x86)\Microsoft SQL Server\130\Tools\Binn\ManagementStudio\;C:\Program Files\PuTTY\;C:\Program Files (x86)\Skype\Phone\;C:\Program Files\OpenVPN\bin;C:\Program Files\MySQL\MySQL Utilities 1.6\;C:\Program Files\nodejs\;C:\Program Files (x86)\Common Files\Microsoft Shared\Windows Live;C:\Program Files\Intel\WiFi\bin\;C:\Program Files\Common Files\Intel\WirelessCommon\;C:\Users\Bob\AppData\Local\atom\bin;C:\Users\Bob\AppData\Local\Microsoft\WindowsApps;C:\Users\Bob\AppData\Roaming\npm;;."/>
    <property name="java.specification.name" value="Java Platform API Specification"/>
    <property name="java.class.version" value="52.0"/>
    <property name="sun.management.compiler" value="HotSpot 64-Bit Tiered Compilers"/>
    <property name="os.version" value="10.0"/>
    <property name="user.home" value="C:\Users\Bob"/>
    <property name="user.timezone" value="Europe/Berlin"/>
    <property name="java.awt.printerjob" value="sun.awt.windows.WPrinterJob"/>
    <property name="java.specification.version" value="1.8"/>
    <property name="file.encoding" value="UTF-8"/>
    <property name="user.name" value="Bob"/>
    <property name="java.class.path" value="C:\Program Files\NetBeans 8.2\java\maven\boot\plexus-classworlds-2.4.jar"/>
    <property name="java.vm.specification.version" value="1.8"/>
    <property name="sun.arch.data.model" value="64"/>
    <property name="java.home" value="C:\Program Files\Java\jdk1.8.0_121\jre"/>
    <property name="sun.java.command" value="org.codehaus.plexus.classworlds.launcher.Launcher -Dtest=auction.service.RegistrationMgrTest -Dmaven.ext.class.path=C:\Program Files\NetBeans 8.2\java\maven-nblib\netbeans-eventspy.jar -Dfile.encoding=UTF-8 surefire:test"/>
    <property name="java.specification.vendor" value="Oracle Corporation"/>
    <property name="user.language" value="en"/>
    <property name="user.language.format" value="nl"/>
    <property name="awt.toolkit" value="sun.awt.windows.WToolkit"/>
    <property name="java.vm.info" value="mixed mode"/>
    <property name="java.version" value="1.8.0_121"/>
    <property name="java.ext.dirs" value="C:\Program Files\Java\jdk1.8.0_121\jre\lib\ext;C:\WINDOWS\Sun\Java\lib\ext"/>
    <property name="sun.boot.class.path" value="C:\Program Files\Java\jdk1.8.0_121\jre\lib\resources.jar;C:\Program Files\Java\jdk1.8.0_121\jre\lib\rt.jar;C:\Program Files\Java\jdk1.8.0_121\jre\lib\sunrsasign.jar;C:\Program Files\Java\jdk1.8.0_121\jre\lib\jsse.jar;C:\Program Files\Java\jdk1.8.0_121\jre\lib\jce.jar;C:\Program Files\Java\jdk1.8.0_121\jre\lib\charsets.jar;C:\Program Files\Java\jdk1.8.0_121\jre\lib\jfr.jar;C:\Program Files\Java\jdk1.8.0_121\jre\classes"/>
    <property name="java.vendor" value="Oracle Corporation"/>
    <property name="maven.home" value="C:\Program Files\NetBeans 8.2\java\maven"/>
    <property name="file.separator" value="\"/>
    <property name="java.vendor.url.bug" value="http://bugreport.sun.com/bugreport/"/>
    <property name="sun.cpu.endian" value="little"/>
    <property name="sun.io.unicode.encoding" value="UnicodeLittle"/>
    <property name="sun.desktop" value="windows"/>
    <property name="sun.cpu.isalist" value="amd64"/>
  </properties>
  <testcase classname="auction.service.RegistrationMgrTest" name="registerUser" time="0.156">
    <failure message="expected same:&lt;auction.domain.User@569ddd60&gt; was not:&lt;auction.domain.User@569ddd60&gt;" type="java.lang.AssertionError">java.lang.AssertionError: expected same:&lt;auction.domain.User@569ddd60&gt; was not:&lt;auction.domain.User@569ddd60&gt;
	at org.junit.Assert.fail(Assert.java:88)
	at org.junit.Assert.failNotSame(Assert.java:828)
	at org.junit.Assert.assertSame(Assert.java:771)
	at org.junit.Assert.assertSame(Assert.java:782)
	at auction.service.RegistrationMgrTest.registerUser(RegistrationMgrTest.java:34)
	at sun.reflect.NativeMethodAccessorImpl.invoke0(Native Method)
	at sun.reflect.NativeMethodAccessorImpl.invoke(NativeMethodAccessorImpl.java:62)
	at sun.reflect.DelegatingMethodAccessorImpl.invoke(DelegatingMethodAccessorImpl.java:43)
	at java.lang.reflect.Method.invoke(Method.java:498)
	at org.junit.runners.model.FrameworkMethod$1.runReflectiveCall(FrameworkMethod.java:50)
	at org.junit.internal.runners.model.ReflectiveCallable.run(ReflectiveCallable.java:12)
	at org.junit.runners.model.FrameworkMethod.invokeExplosively(FrameworkMethod.java:47)
	at org.junit.internal.runners.statements.InvokeMethod.evaluate(InvokeMethod.java:17)
	at org.junit.internal.runners.statements.RunBefores.evaluate(RunBefores.java:26)
	at org.junit.runners.ParentRunner.runLeaf(ParentRunner.java:325)
	at org.junit.runners.BlockJUnit4ClassRunner.runChild(BlockJUnit4ClassRunner.java:78)
	at org.junit.runners.BlockJUnit4ClassRunner.runChild(BlockJUnit4ClassRunner.java:57)
	at org.junit.runners.ParentRunner$3.run(ParentRunner.java:290)
	at org.junit.runners.ParentRunner$1.schedule(ParentRunner.java:71)
	at org.junit.runners.ParentRunner.runChildren(ParentRunner.java:288)
	at org.junit.runners.ParentRunner.access$000(ParentRunner.java:58)
	at org.junit.runners.ParentRunner$2.evaluate(ParentRunner.java:268)
	at org.junit.runners.ParentRunner.run(ParentRunner.java:363)
	at org.apache.maven.surefire.junit4.JUnit4TestSet.execute(JUnit4TestSet.java:53)
	at org.apache.maven.surefire.junit4.JUnit4Provider.executeTestSet(JUnit4Provider.java:123)
	at org.apache.maven.surefire.junit4.JUnit4Provider.invoke(JUnit4Provider.java:104)
	at sun.reflect.NativeMethodAccessorImpl.invoke0(Native Method)
	at sun.reflect.NativeMethodAccessorImpl.invoke(NativeMethodAccessorImpl.java:62)
	at sun.reflect.DelegatingMethodAccessorImpl.invoke(DelegatingMethodAccessorImpl.java:43)
	at java.lang.reflect.Method.invoke(Method.java:498)
	at org.apache.maven.surefire.util.ReflectionUtils.invokeMethodWithArray(ReflectionUtils.java:164)
	at org.apache.maven.surefire.booter.ProviderFactory$ProviderProxy.invoke(ProviderFactory.java:110)
	at org.apache.maven.surefire.booter.SurefireStarter.invokeProvider(SurefireStarter.java:175)
	at org.apache.maven.surefire.booter.SurefireStarter.runSuitesInProcessWhenForked(SurefireStarter.java:107)
	at org.apache.maven.surefire.booter.ForkedBooter.main(ForkedBooter.java:68)
</failure>
    <system-out>[EL Config]: metadata: 2017-12-04 13:42:47.224--ServerSession(331510866)--Thread(Thread[main,5,main])--The access type for the persistent class [class nl.fontys.util.Money] is set to [FIELD].
[EL Config]: metadata: 2017-12-04 13:42:47.255--ServerSession(331510866)--Thread(Thread[main,5,main])--The access type for the persistent class [class auction.domain.Bid] is set to [FIELD].
[EL Config]: metadata: 2017-12-04 13:42:47.271--ServerSession(331510866)--Thread(Thread[main,5,main])--The target entity (reference) class for the one to one mapping element [field amount] is being defaulted to: class nl.fontys.util.Money.
[EL Config]: metadata: 2017-12-04 13:42:47.271--ServerSession(331510866)--Thread(Thread[main,5,main])--The target entity (reference) class for the one to one mapping element [field time] is being defaulted to: class nl.fontys.util.FontysTime.
[EL Config]: metadata: 2017-12-04 13:42:47.271--ServerSession(331510866)--Thread(Thread[main,5,main])--The target entity (reference) class for the many to one mapping element [field buyer] is being defaulted to: class auction.domain.User.
[EL Config]: metadata: 2017-12-04 13:42:47.271--ServerSession(331510866)--Thread(Thread[main,5,main])--The access type for the persistent class [class nl.fontys.util.FontysTime] is set to [FIELD].
[EL Config]: metadata: 2017-12-04 13:42:47.271--ServerSession(331510866)--Thread(Thread[main,5,main])--The access type for the persistent class [class auction.domain.Item] is set to [FIELD].
[EL Config]: metadata: 2017-12-04 13:42:47.271--ServerSession(331510866)--Thread(Thread[main,5,main])--The target entity (reference) class for the many to one mapping element [field seller] is being defaulted to: class auction.domain.User.
[EL Config]: metadata: 2017-12-04 13:42:47.271--ServerSession(331510866)--Thread(Thread[main,5,main])--The target entity (reference) class for the one to one mapping element [field highest] is being defaulted to: class auction.domain.Bid.
[EL Config]: metadata: 2017-12-04 13:42:47.271--ServerSession(331510866)--Thread(Thread[main,5,main])--The target entity (reference) class for the one to one mapping element [field category] is being defaulted to: class auction.domain.Category.
[EL Config]: metadata: 2017-12-04 13:42:47.271--ServerSession(331510866)--Thread(Thread[main,5,main])--The access type for the persistent class [class auction.domain.User] is set to [FIELD].
[EL Config]: metadata: 2017-12-04 13:42:47.271--ServerSession(331510866)--Thread(Thread[main,5,main])--The access type for the persistent class [class auction.domain.Category] is set to [FIELD].
[EL Config]: metadata: 2017-12-04 13:42:47.271--ServerSession(331510866)--Thread(Thread[main,5,main])--The alias name for the entity class [class nl.fontys.util.Money] is being defaulted to: Money.
[EL Config]: metadata: 2017-12-04 13:42:47.271--ServerSession(331510866)--Thread(Thread[main,5,main])--The table name for entity [class nl.fontys.util.Money] is being defaulted to: MONEY.
[EL Config]: metadata: 2017-12-04 13:42:47.302--ServerSession(331510866)--Thread(Thread[main,5,main])--The column name for element [cents] is being defaulted to: CENTS.
[EL Config]: metadata: 2017-12-04 13:42:47.302--ServerSession(331510866)--Thread(Thread[main,5,main])--The column name for element [currency] is being defaulted to: CURRENCY.
[EL Config]: metadata: 2017-12-04 13:42:47.302--ServerSession(331510866)--Thread(Thread[main,5,main])--The column name for element [Id] is being defaulted to: ID.
[EL Config]: metadata: 2017-12-04 13:42:47.302--ServerSession(331510866)--Thread(Thread[main,5,main])--The alias name for the entity class [class auction.domain.Bid] is being defaulted to: Bid.
[EL Config]: metadata: 2017-12-04 13:42:47.302--ServerSession(331510866)--Thread(Thread[main,5,main])--The table name for entity [class auction.domain.Bid] is being defaulted to: BID.
[EL Config]: metadata: 2017-12-04 13:42:47.302--ServerSession(331510866)--Thread(Thread[main,5,main])--The column name for element [id] is being defaulted to: ID.
[EL Config]: metadata: 2017-12-04 13:42:47.302--ServerSession(331510866)--Thread(Thread[main,5,main])--The alias name for the entity class [class nl.fontys.util.FontysTime] is being defaulted to: FontysTime.
[EL Config]: metadata: 2017-12-04 13:42:47.302--ServerSession(331510866)--Thread(Thread[main,5,main])--The table name for entity [class nl.fontys.util.FontysTime] is being defaulted to: FONTYSTIME.
[EL Config]: metadata: 2017-12-04 13:42:47.302--ServerSession(331510866)--Thread(Thread[main,5,main])--The column name for element [seconds] is being defaulted to: SECONDS.
[EL Config]: metadata: 2017-12-04 13:42:47.302--ServerSession(331510866)--Thread(Thread[main,5,main])--The column name for element [id] is being defaulted to: ID.
[EL Config]: metadata: 2017-12-04 13:42:47.302--ServerSession(331510866)--Thread(Thread[main,5,main])--The alias name for the entity class [class auction.domain.Item] is being defaulted to: Item.
[EL Config]: metadata: 2017-12-04 13:42:47.302--ServerSession(331510866)--Thread(Thread[main,5,main])--The table name for entity [class auction.domain.Item] is being defaulted to: ITEM.
[EL Config]: metadata: 2017-12-04 13:42:47.302--ServerSession(331510866)--Thread(Thread[main,5,main])--The column name for element [description] is being defaulted to: DESCRIPTION.
[EL Config]: metadata: 2017-12-04 13:42:47.302--ServerSession(331510866)--Thread(Thread[main,5,main])--The column name for element [id] is being defaulted to: ID.
[EL Config]: metadata: 2017-12-04 13:42:47.302--ServerSession(331510866)--Thread(Thread[main,5,main])--The alias name for the entity class [class auction.domain.User] is being defaulted to: User.
[EL Config]: metadata: 2017-12-04 13:42:47.302--ServerSession(331510866)--Thread(Thread[main,5,main])--The table name for entity [class auction.domain.User] is being defaulted to: USER.
[EL Config]: metadata: 2017-12-04 13:42:47.302--ServerSession(331510866)--Thread(Thread[main,5,main])--The column name for element [email] is being defaulted to: EMAIL.
[EL Config]: metadata: 2017-12-04 13:42:47.302--ServerSession(331510866)--Thread(Thread[main,5,main])--The alias name for the entity class [class auction.domain.Category] is being defaulted to: Category.
[EL Config]: metadata: 2017-12-04 13:42:47.302--ServerSession(331510866)--Thread(Thread[main,5,main])--The table name for entity [class auction.domain.Category] is being defaulted to: CATEGORY.
[EL Config]: metadata: 2017-12-04 13:42:47.302--ServerSession(331510866)--Thread(Thread[main,5,main])--The column name for element [description] is being defaulted to: DESCRIPTION.
[EL Config]: metadata: 2017-12-04 13:42:47.302--ServerSession(331510866)--Thread(Thread[main,5,main])--The column name for element [id] is being defaulted to: ID.
[EL Config]: metadata: 2017-12-04 13:42:47.318--ServerSession(331510866)--Thread(Thread[main,5,main])--The primary key column name for the mapping element [field amount] is being defaulted to: ID.
[EL Config]: metadata: 2017-12-04 13:42:47.318--ServerSession(331510866)--Thread(Thread[main,5,main])--The foreign key column name for the mapping element [amount] is being defaulted to: AMOUNT_ID.
[EL Config]: metadata: 2017-12-04 13:42:47.318--ServerSession(331510866)--Thread(Thread[main,5,main])--The primary key column name for the mapping element [field time] is being defaulted to: ID.
[EL Config]: metadata: 2017-12-04 13:42:47.318--ServerSession(331510866)--Thread(Thread[main,5,main])--The foreign key column name for the mapping element [time] is being defaulted to: TIME_ID.
[EL Config]: metadata: 2017-12-04 13:42:47.333--ServerSession(331510866)--Thread(Thread[main,5,main])--The primary key column name for the mapping element [field buyer] is being defaulted to: EMAIL.
[EL Config]: metadata: 2017-12-04 13:42:47.333--ServerSession(331510866)--Thread(Thread[main,5,main])--The foreign key column name for the mapping element [buyer] is being defaulted to: BUYER_EMAIL.
[EL Config]: metadata: 2017-12-04 13:42:47.333--ServerSession(331510866)--Thread(Thread[main,5,main])--The primary key column name for the mapping element [field seller] is being defaulted to: EMAIL.
[EL Config]: metadata: 2017-12-04 13:42:47.333--ServerSession(331510866)--Thread(Thread[main,5,main])--The foreign key column name for the mapping element [seller] is being defaulted to: SELLER_EMAIL.
[EL Config]: metadata: 2017-12-04 13:42:47.333--ServerSession(331510866)--Thread(Thread[main,5,main])--The primary key column name for the mapping element [field highest] is being defaulted to: ID.
[EL Config]: metadata: 2017-12-04 13:42:47.333--ServerSession(331510866)--Thread(Thread[main,5,main])--The foreign key column name for the mapping element [highest] is being defaulted to: HIGHEST_ID.
[EL Config]: metadata: 2017-12-04 13:42:47.333--ServerSession(331510866)--Thread(Thread[main,5,main])--The primary key column name for the mapping element [field category] is being defaulted to: ID.
[EL Config]: metadata: 2017-12-04 13:42:47.333--ServerSession(331510866)--Thread(Thread[main,5,main])--The foreign key column name for the mapping element [category] is being defaulted to: CATEGORY_ID.
[EL Info]: 2017-12-04 13:42:48.099--ServerSession(331510866)--Thread(Thread[main,5,main])--EclipseLink, version: Eclipse Persistence Services - 2.5.2.v20140319-9ad6abd
[EL Fine]: connection: 2017-12-04 13:42:48.411--Thread(Thread[main,5,main])--Detected database platform: org.eclipse.persistence.platform.database.MySQLPlatform
[EL Config]: connection: 2017-12-04 13:42:48.427--ServerSession(331510866)--Connection(859295820)--Thread(Thread[main,5,main])--connecting(DatabaseLogin(
	platform=&gt;MySQLPlatform
	user name=&gt; &quot;dbi341211&quot;
	datasource URL=&gt; &quot;jdbc:mysql://studmysql01.fhict.local:3306/dbi341211&quot;
))
[EL Config]: connection: 2017-12-04 13:42:48.458--ServerSession(331510866)--Connection(351535152)--Thread(Thread[main,5,main])--Connected: jdbc:mysql://studmysql01.fhict.local:3306/dbi341211
	User: dbi341211@192.168.30.201
	Database: MySQL  Version: 5.7.13-log
	Driver: MySQL Connector Java  Version: mysql-connector-java-5.1.38 ( Revision: fe541c166cec739c74cc727c5da96c1028b4834a )
[EL Info]: connection: 2017-12-04 13:42:48.614--ServerSession(331510866)--Thread(Thread[main,5,main])--file:/C:/Users/Bob/Documents/PTS43/SE42/associations/target/classes/_dbi341211 login successful
[EL Fine]: sql: 2017-12-04 13:42:48.63--ServerSession(331510866)--Connection(351535152)--Thread(Thread[main,5,main])--ALTER TABLE ITEM DROP FOREIGN KEY FK_ITEM_SELLER_EMAIL
[EL Fine]: sql: 2017-12-04 13:42:48.661--ServerSession(331510866)--Connection(351535152)--Thread(Thread[main,5,main])--ALTER TABLE ITEM DROP FOREIGN KEY FK_ITEM_CATEGORY_ID
[EL Fine]: sql: 2017-12-04 13:42:48.677--ServerSession(331510866)--Connection(351535152)--Thread(Thread[main,5,main])--ALTER TABLE ITEM DROP FOREIGN KEY FK_ITEM_HIGHEST_ID
[EL Fine]: sql: 2017-12-04 13:42:48.693--ServerSession(331510866)--Connection(351535152)--Thread(Thread[main,5,main])--ALTER TABLE BID DROP FOREIGN KEY FK_BID_TIME_ID
[EL Fine]: sql: 2017-12-04 13:42:48.693--ServerSession(331510866)--Connection(351535152)--Thread(Thread[main,5,main])--ALTER TABLE BID DROP FOREIGN KEY FK_BID_BUYER_EMAIL
[EL Fine]: sql: 2017-12-04 13:42:48.708--ServerSession(331510866)--Connection(351535152)--Thread(Thread[main,5,main])--ALTER TABLE BID DROP FOREIGN KEY FK_BID_AMOUNT_ID
[EL Fine]: sql: 2017-12-04 13:42:48.708--ServerSession(331510866)--Connection(351535152)--Thread(Thread[main,5,main])--DROP TABLE USER
[EL Fine]: sql: 2017-12-04 13:42:48.724--ServerSession(331510866)--Connection(351535152)--Thread(Thread[main,5,main])--DROP TABLE ITEM
[EL Fine]: sql: 2017-12-04 13:42:48.724--ServerSession(331510866)--Connection(351535152)--Thread(Thread[main,5,main])--DROP TABLE BID
[EL Fine]: sql: 2017-12-04 13:42:48.74--ServerSession(331510866)--Connection(351535152)--Thread(Thread[main,5,main])--DROP TABLE CATEGORY
[EL Fine]: sql: 2017-12-04 13:42:48.74--ServerSession(331510866)--Connection(351535152)--Thread(Thread[main,5,main])--DROP TABLE FONTYSTIME
[EL Fine]: sql: 2017-12-04 13:42:48.755--ServerSession(331510866)--Connection(351535152)--Thread(Thread[main,5,main])--DROP TABLE MONEY
[EL Fine]: sql: 2017-12-04 13:42:48.771--ServerSession(331510866)--Connection(351535152)--Thread(Thread[main,5,main])--DELETE FROM SEQUENCE WHERE SEQ_NAME = SEQ_GEN
[EL Fine]: sql: 2017-12-04 13:42:48.786--ServerSession(331510866)--Connection(351535152)--Thread(Thread[main,5,main])--CREATE TABLE USER (EMAIL VARCHAR(255) NOT NULL, PRIMARY KEY (EMAIL))
[EL Fine]: sql: 2017-12-04 13:42:48.818--ServerSession(331510866)--Connection(351535152)--Thread(Thread[main,5,main])--CREATE TABLE ITEM (ID BIGINT NOT NULL, DESCRIPTION VARCHAR(255), SELLER_EMAIL VARCHAR(255), CATEGORY_ID BIGINT, HIGHEST_ID BIGINT, PRIMARY KEY (ID))
[EL Fine]: sql: 2017-12-04 13:42:48.849--ServerSession(331510866)--Connection(351535152)--Thread(Thread[main,5,main])--CREATE TABLE BID (ID BIGINT NOT NULL, BUYER_EMAIL VARCHAR(255), AMOUNT_ID BIGINT, TIME_ID BIGINT, PRIMARY KEY (ID))
[EL Fine]: sql: 2017-12-04 13:42:48.88--ServerSession(331510866)--Connection(351535152)--Thread(Thread[main,5,main])--CREATE TABLE CATEGORY (ID BIGINT AUTO_INCREMENT NOT NULL, DESCRIPTION VARCHAR(255), PRIMARY KEY (ID))
[EL Fine]: sql: 2017-12-04 13:42:48.927--ServerSession(331510866)--Connection(351535152)--Thread(Thread[main,5,main])--CREATE TABLE FONTYSTIME (ID BIGINT NOT NULL, SECONDS BIGINT, PRIMARY KEY (ID))
[EL Fine]: sql: 2017-12-04 13:42:48.958--ServerSession(331510866)--Connection(351535152)--Thread(Thread[main,5,main])--CREATE TABLE MONEY (ID BIGINT NOT NULL, CENTS BIGINT, CURRENCY VARCHAR(255), PRIMARY KEY (ID))
[EL Fine]: sql: 2017-12-04 13:42:48.99--ServerSession(331510866)--Connection(351535152)--Thread(Thread[main,5,main])--ALTER TABLE ITEM ADD CONSTRAINT FK_ITEM_SELLER_EMAIL FOREIGN KEY (SELLER_EMAIL) REFERENCES USER (EMAIL)
[EL Fine]: sql: 2017-12-04 13:42:49.036--ServerSession(331510866)--Connection(351535152)--Thread(Thread[main,5,main])--ALTER TABLE ITEM ADD CONSTRAINT FK_ITEM_CATEGORY_ID FOREIGN KEY (CATEGORY_ID) REFERENCES CATEGORY (ID)
[EL Fine]: sql: 2017-12-04 13:42:49.083--ServerSession(331510866)--Connection(351535152)--Thread(Thread[main,5,main])--ALTER TABLE ITEM ADD CONSTRAINT FK_ITEM_HIGHEST_ID FOREIGN KEY (HIGHEST_ID) REFERENCES BID (ID)
[EL Fine]: sql: 2017-12-04 13:42:49.115--ServerSession(331510866)--Connection(351535152)--Thread(Thread[main,5,main])--ALTER TABLE BID ADD CONSTRAINT FK_BID_TIME_ID FOREIGN KEY (TIME_ID) REFERENCES FONTYSTIME (ID)
[EL Fine]: sql: 2017-12-04 13:42:49.146--ServerSession(331510866)--Connection(351535152)--Thread(Thread[main,5,main])--ALTER TABLE BID ADD CONSTRAINT FK_BID_BUYER_EMAIL FOREIGN KEY (BUYER_EMAIL) REFERENCES USER (EMAIL)
[EL Fine]: sql: 2017-12-04 13:42:49.177--ServerSession(331510866)--Connection(351535152)--Thread(Thread[main,5,main])--ALTER TABLE BID ADD CONSTRAINT FK_BID_AMOUNT_ID FOREIGN KEY (AMOUNT_ID) REFERENCES MONEY (ID)
[EL Fine]: sql: 2017-12-04 13:42:49.224--ServerSession(331510866)--Connection(351535152)--Thread(Thread[main,5,main])--SELECT * FROM SEQUENCE WHERE SEQ_NAME = SEQ_GEN
[EL Fine]: sql: 2017-12-04 13:42:49.24--ServerSession(331510866)--Connection(351535152)--Thread(Thread[main,5,main])--INSERT INTO SEQUENCE(SEQ_NAME, SEQ_COUNT) values (SEQ_GEN, 0)
[EL Fine]: sql: 2017-12-04 13:42:49.302--ClientSession(41810270)--Connection(351535152)--Thread(Thread[main,5,main])--DELETE FROM ITEM
[EL Fine]: sql: 2017-12-04 13:42:49.302--ClientSession(41810270)--Connection(351535152)--Thread(Thread[main,5,main])--DELETE FROM BID
[EL Fine]: sql: 2017-12-04 13:42:49.318--ClientSession(41810270)--Connection(351535152)--Thread(Thread[main,5,main])--DELETE FROM USER
[EL Fine]: sql: 2017-12-04 13:42:49.318--ClientSession(41810270)--Connection(351535152)--Thread(Thread[main,5,main])--DELETE FROM MONEY
[EL Fine]: sql: 2017-12-04 13:42:49.318--ClientSession(41810270)--Connection(351535152)--Thread(Thread[main,5,main])--DELETE FROM CATEGORY
[EL Fine]: sql: 2017-12-04 13:42:49.333--ClientSession(41810270)--Connection(351535152)--Thread(Thread[main,5,main])--DELETE FROM FONTYSTIME
[EL Fine]: sql: 2017-12-04 13:42:49.349--ServerSession(331510866)--Connection(351535152)--Thread(Thread[main,5,main])--SELECT EMAIL FROM USER WHERE (EMAIL = ?)
	bind =&gt; [xxx1@yyy]
[EL Fine]: sql: 2017-12-04 13:42:49.365--ClientSession(495984416)--Connection(351535152)--Thread(Thread[main,5,main])--INSERT INTO USER (EMAIL) VALUES (?)
	bind =&gt; [xxx1@yyy]
[EL Fine]: sql: 2017-12-04 13:42:49.38--ServerSession(331510866)--Connection(351535152)--Thread(Thread[main,5,main])--SELECT EMAIL FROM USER WHERE (EMAIL = ?)
	bind =&gt; [xxx2@yyy2]
[EL Fine]: sql: 2017-12-04 13:42:49.38--ClientSession(1402606475)--Connection(351535152)--Thread(Thread[main,5,main])--INSERT INTO USER (EMAIL) VALUES (?)
	bind =&gt; [xxx2@yyy2]
[EL Fine]: sql: 2017-12-04 13:42:49.396--ServerSession(331510866)--Connection(351535152)--Thread(Thread[main,5,main])--SELECT EMAIL FROM USER WHERE (EMAIL = ?)
	bind =&gt; [xxx2@yyy2]
</system-out>
    <system-err>Mon Dec 04 13:42:48 CET 2017 WARN: Establishing SSL connection without server&apos;s identity verification is not recommended. According to MySQL 5.5.45+, 5.6.26+ and 5.7.6+ requirements SSL connection must be established by default if explicit option isn&apos;t set. For compliance with existing applications not using SSL the verifyServerCertificate property is set to &apos;false&apos;. You need either to explicitly disable SSL by setting useSSL=false, or set useSSL=true and provide truststore for server certificate verification.
Mon Dec 04 13:42:48 CET 2017 WARN: Establishing SSL connection without server&apos;s identity verification is not recommended. According to MySQL 5.5.45+, 5.6.26+ and 5.7.6+ requirements SSL connection must be established by default if explicit option isn&apos;t set. For compliance with existing applications not using SSL the verifyServerCertificate property is set to &apos;false&apos;. You need either to explicitly disable SSL by setting useSSL=false, or set useSSL=true and provide truststore for server certificate verification.
</system-err>
  </testcase>
  <testcase classname="auction.service.RegistrationMgrTest" name="getUser" time="0.063">
    <failure message="expected same:&lt;auction.domain.User@5bbc6740&gt; was not:&lt;auction.domain.User@5bbc6740&gt;" type="java.lang.AssertionError">java.lang.AssertionError: expected same:&lt;auction.domain.User@5bbc6740&gt; was not:&lt;auction.domain.User@5bbc6740&gt;
	at org.junit.Assert.fail(Assert.java:88)
	at org.junit.Assert.failNotSame(Assert.java:828)
	at org.junit.Assert.assertSame(Assert.java:771)
	at org.junit.Assert.assertSame(Assert.java:782)
	at auction.service.RegistrationMgrTest.getUser(RegistrationMgrTest.java:43)
	at sun.reflect.NativeMethodAccessorImpl.invoke0(Native Method)
	at sun.reflect.NativeMethodAccessorImpl.invoke(NativeMethodAccessorImpl.java:62)
	at sun.reflect.DelegatingMethodAccessorImpl.invoke(DelegatingMethodAccessorImpl.java:43)
	at java.lang.reflect.Method.invoke(Method.java:498)
	at org.junit.runners.model.FrameworkMethod$1.runReflectiveCall(FrameworkMethod.java:50)
	at org.junit.internal.runners.model.ReflectiveCallable.run(ReflectiveCallable.java:12)
	at org.junit.runners.model.FrameworkMethod.invokeExplosively(FrameworkMethod.java:47)
	at org.junit.internal.runners.statements.InvokeMethod.evaluate(InvokeMethod.java:17)
	at org.junit.internal.runners.statements.RunBefores.evaluate(RunBefores.java:26)
	at org.junit.runners.ParentRunner.runLeaf(ParentRunner.java:325)
	at org.junit.runners.BlockJUnit4ClassRunner.runChild(BlockJUnit4ClassRunner.java:78)
	at org.junit.runners.BlockJUnit4ClassRunner.runChild(BlockJUnit4ClassRunner.java:57)
	at org.junit.runners.ParentRunner$3.run(ParentRunner.java:290)
	at org.junit.runners.ParentRunner$1.schedule(ParentRunner.java:71)
	at org.junit.runners.ParentRunner.runChildren(ParentRunner.java:288)
	at org.junit.runners.ParentRunner.access$000(ParentRunner.java:58)
	at org.junit.runners.ParentRunner$2.evaluate(ParentRunner.java:268)
	at org.junit.runners.ParentRunner.run(ParentRunner.java:363)
	at org.apache.maven.surefire.junit4.JUnit4TestSet.execute(JUnit4TestSet.java:53)
	at org.apache.maven.surefire.junit4.JUnit4Provider.executeTestSet(JUnit4Provider.java:123)
	at org.apache.maven.surefire.junit4.JUnit4Provider.invoke(JUnit4Provider.java:104)
	at sun.reflect.NativeMethodAccessorImpl.invoke0(Native Method)
	at sun.reflect.NativeMethodAccessorImpl.invoke(NativeMethodAccessorImpl.java:62)
	at sun.reflect.DelegatingMethodAccessorImpl.invoke(DelegatingMethodAccessorImpl.java:43)
	at java.lang.reflect.Method.invoke(Method.java:498)
	at org.apache.maven.surefire.util.ReflectionUtils.invokeMethodWithArray(ReflectionUtils.java:164)
	at org.apache.maven.surefire.booter.ProviderFactory$ProviderProxy.invoke(ProviderFactory.java:110)
	at org.apache.maven.surefire.booter.SurefireStarter.invokeProvider(SurefireStarter.java:175)
	at org.apache.maven.surefire.booter.SurefireStarter.runSuitesInProcessWhenForked(SurefireStarter.java:107)
	at org.apache.maven.surefire.booter.ForkedBooter.main(ForkedBooter.java:68)
</failure>
    <system-out>[EL Fine]: sql: 2017-12-04 13:42:49.427--ClientSession(1298350375)--Connection(351535152)--Thread(Thread[main,5,main])--DELETE FROM ITEM
[EL Fine]: sql: 2017-12-04 13:42:49.427--ClientSession(1298350375)--Connection(351535152)--Thread(Thread[main,5,main])--DELETE FROM BID
[EL Fine]: sql: 2017-12-04 13:42:49.427--ClientSession(1298350375)--Connection(351535152)--Thread(Thread[main,5,main])--DELETE FROM USER
[EL Fine]: sql: 2017-12-04 13:42:49.443--ClientSession(1298350375)--Connection(351535152)--Thread(Thread[main,5,main])--DELETE FROM MONEY
[EL Fine]: sql: 2017-12-04 13:42:49.443--ClientSession(1298350375)--Connection(351535152)--Thread(Thread[main,5,main])--DELETE FROM CATEGORY
[EL Fine]: sql: 2017-12-04 13:42:49.443--ClientSession(1298350375)--Connection(351535152)--Thread(Thread[main,5,main])--DELETE FROM FONTYSTIME
[EL Fine]: sql: 2017-12-04 13:42:49.443--ServerSession(331510866)--Connection(351535152)--Thread(Thread[main,5,main])--SELECT EMAIL FROM USER WHERE (EMAIL = ?)
	bind =&gt; [xxx5@yyy5]
[EL Fine]: sql: 2017-12-04 13:42:49.458--ClientSession(1070619454)--Connection(351535152)--Thread(Thread[main,5,main])--INSERT INTO USER (EMAIL) VALUES (?)
	bind =&gt; [xxx5@yyy5]
[EL Fine]: sql: 2017-12-04 13:42:49.474--ServerSession(331510866)--Connection(351535152)--Thread(Thread[main,5,main])--SELECT EMAIL FROM USER WHERE (EMAIL = ?)
	bind =&gt; [xxx5@yyy5]
</system-out>
  </testcase>
  <testcase classname="auction.service.RegistrationMgrTest" name="getUsers" time="0.062">
    <failure message="expected same:&lt;auction.domain.User@4d726b7a&gt; was not:&lt;auction.domain.User@4d726b7a&gt;" type="java.lang.AssertionError">java.lang.AssertionError: expected same:&lt;auction.domain.User@4d726b7a&gt; was not:&lt;auction.domain.User@4d726b7a&gt;
	at org.junit.Assert.fail(Assert.java:88)
	at org.junit.Assert.failNotSame(Assert.java:828)
	at org.junit.Assert.assertSame(Assert.java:771)
	at org.junit.Assert.assertSame(Assert.java:782)
	at auction.service.RegistrationMgrTest.getUsers(RegistrationMgrTest.java:57)
	at sun.reflect.NativeMethodAccessorImpl.invoke0(Native Method)
	at sun.reflect.NativeMethodAccessorImpl.invoke(NativeMethodAccessorImpl.java:62)
	at sun.reflect.DelegatingMethodAccessorImpl.invoke(DelegatingMethodAccessorImpl.java:43)
	at java.lang.reflect.Method.invoke(Method.java:498)
	at org.junit.runners.model.FrameworkMethod$1.runReflectiveCall(FrameworkMethod.java:50)
	at org.junit.internal.runners.model.ReflectiveCallable.run(ReflectiveCallable.java:12)
	at org.junit.runners.model.FrameworkMethod.invokeExplosively(FrameworkMethod.java:47)
	at org.junit.internal.runners.statements.InvokeMethod.evaluate(InvokeMethod.java:17)
	at org.junit.internal.runners.statements.RunBefores.evaluate(RunBefores.java:26)
	at org.junit.runners.ParentRunner.runLeaf(ParentRunner.java:325)
	at org.junit.runners.BlockJUnit4ClassRunner.runChild(BlockJUnit4ClassRunner.java:78)
	at org.junit.runners.BlockJUnit4ClassRunner.runChild(BlockJUnit4ClassRunner.java:57)
	at org.junit.runners.ParentRunner$3.run(ParentRunner.java:290)
	at org.junit.runners.ParentRunner$1.schedule(ParentRunner.java:71)
	at org.junit.runners.ParentRunner.runChildren(ParentRunner.java:288)
	at org.junit.runners.ParentRunner.access$000(ParentRunner.java:58)
	at org.junit.runners.ParentRunner$2.evaluate(ParentRunner.java:268)
	at org.junit.runners.ParentRunner.run(ParentRunner.java:363)
	at org.apache.maven.surefire.junit4.JUnit4TestSet.execute(JUnit4TestSet.java:53)
	at org.apache.maven.surefire.junit4.JUnit4Provider.executeTestSet(JUnit4Provider.java:123)
	at org.apache.maven.surefire.junit4.JUnit4Provider.invoke(JUnit4Provider.java:104)
	at sun.reflect.NativeMethodAccessorImpl.invoke0(Native Method)
	at sun.reflect.NativeMethodAccessorImpl.invoke(NativeMethodAccessorImpl.java:62)
	at sun.reflect.DelegatingMethodAccessorImpl.invoke(DelegatingMethodAccessorImpl.java:43)
	at java.lang.reflect.Method.invoke(Method.java:498)
	at org.apache.maven.surefire.util.ReflectionUtils.invokeMethodWithArray(ReflectionUtils.java:164)
	at org.apache.maven.surefire.booter.ProviderFactory$ProviderProxy.invoke(ProviderFactory.java:110)
	at org.apache.maven.surefire.booter.SurefireStarter.invokeProvider(SurefireStarter.java:175)
	at org.apache.maven.surefire.booter.SurefireStarter.runSuitesInProcessWhenForked(SurefireStarter.java:107)
	at org.apache.maven.surefire.booter.ForkedBooter.main(ForkedBooter.java:68)
</failure>
    <system-out>[EL Fine]: sql: 2017-12-04 13:42:49.505--ClientSession(723310524)--Connection(351535152)--Thread(Thread[main,5,main])--DELETE FROM ITEM
[EL Fine]: sql: 2017-12-04 13:42:49.505--ClientSession(723310524)--Connection(351535152)--Thread(Thread[main,5,main])--DELETE FROM BID
[EL Fine]: sql: 2017-12-04 13:42:49.505--ClientSession(723310524)--Connection(351535152)--Thread(Thread[main,5,main])--DELETE FROM USER
[EL Fine]: sql: 2017-12-04 13:42:49.505--ClientSession(723310524)--Connection(351535152)--Thread(Thread[main,5,main])--DELETE FROM MONEY
[EL Fine]: sql: 2017-12-04 13:42:49.505--ClientSession(723310524)--Connection(351535152)--Thread(Thread[main,5,main])--DELETE FROM CATEGORY
[EL Fine]: sql: 2017-12-04 13:42:49.505--ClientSession(723310524)--Connection(351535152)--Thread(Thread[main,5,main])--DELETE FROM FONTYSTIME
[EL Fine]: sql: 2017-12-04 13:42:49.521--ServerSession(331510866)--Connection(351535152)--Thread(Thread[main,5,main])--SELECT EMAIL FROM USER
[EL Fine]: sql: 2017-12-04 13:42:49.521--ServerSession(331510866)--Connection(351535152)--Thread(Thread[main,5,main])--SELECT EMAIL FROM USER WHERE (EMAIL = ?)
	bind =&gt; [xxx8@yyy]
[EL Fine]: sql: 2017-12-04 13:42:49.536--ClientSession(1888400144)--Connection(351535152)--Thread(Thread[main,5,main])--INSERT INTO USER (EMAIL) VALUES (?)
	bind =&gt; [xxx8@yyy]
[EL Fine]: sql: 2017-12-04 13:42:49.536--ServerSession(331510866)--Connection(351535152)--Thread(Thread[main,5,main])--SELECT EMAIL FROM USER
</system-out>
  </testcase>
</testsuite>